<?xml version="1.0" encoding="UTF-8" ?>
<testsuite tests="9" failures="0" name="test.com.h2rd.refactoring.integration.UserIntegrationTest" time="5.779" errors="0" skipped="0">
  <properties>
[...]
</properties>
  <testcase classname="test.com.h2rd.refactoring.integration.UserIntegrationTest" name="createUserTest" time="5.763"/>
  <testcase classname="test.com.h2rd.refactoring.integration.UserIntegrationTest" name="deleteUserTest" time="0"/>
  <testcase classname="test.com.h2rd.refactoring.integration.UserIntegrationTest" name="updateExistingUserTest" time="0"/>
  <testcase classname="test.com.h2rd.refactoring.integration.UserIntegrationTest" name="updateNonExistingUserTest" time="0"/>
  <testcase classname="test.com.h2rd.refactoring.integration.UserIntegrationTest" name="getUsers" time="0"/>
  <testcase classname="test.com.h2rd.refactoring.integration.UserIntegrationTest" name="getUsersWithNoUsers" time="0"/>
  <testcase classname="test.com.h2rd.refactoring.integration.UserIntegrationTest" name="findUser" time="0.008"/>
  <testcase classname="test.com.h2rd.refactoring.integration.UserIntegrationTest" name="findUserNotThere" time="0"/>
  <testcase classname="test.com.h2rd.refactoring.integration.UserIntegrationTest" name="findUserWithNoName" time="0.008"/>
</testsuite>